<?xml version="1.0" encoding="UTF-8"?>
<!-- Generated by org.testng.reporters.JUnitReportReporter -->
<testsuite hostname="preethams-air.lan" failures="0" tests="1" name="com.DollarDaysTeam3.TestCases.TC_LoginTest_006" time="5.219" errors="0" timestamp="21 Jun 2021 15:40:05 GMT" skipped="0">
  <testcase classname="com.DollarDaysTeam3.TestCases.TC_LoginTest_006" name="ValidateUsernameForgotPwdlnk" time="5.219"/>
</testsuite> <!-- com.DollarDaysTeam3.TestCases.TC_LoginTest_006 -->
