<?xml version="1.0" encoding="UTF-8"?>
<!-- Generated by org.testng.reporters.JUnitReportReporter -->
<testsuite hostname="preethams-air.lan" failures="0" tests="1" name="com.DollarDaysTeam3.TestCases.TC_LoginTest_003" time="0.844" errors="0" timestamp="21 Jun 2021 14:32:17 GMT" skipped="0">
  <testcase classname="com.DollarDaysTeam3.TestCases.TC_LoginTest_003" name="ValidatePassword" time="0.844"/>
</testsuite> <!-- com.DollarDaysTeam3.TestCases.TC_LoginTest_003 -->
