<?xml version="1.0" encoding="UTF-8"?>
<!-- Generated by org.testng.reporters.JUnitReportReporter -->
<testsuite hostname="preethams-air.lan" failures="0" tests="1" name="com.DollarDaysTeam3.TestCases.TC_LoginTest_007" time="6.209" errors="0" timestamp="21 Jun 2021 16:06:19 GMT" skipped="0">
  <testcase classname="com.DollarDaysTeam3.TestCases.TC_LoginTest_007" name="ValidateChkBox" time="6.209"/>
</testsuite> <!-- com.DollarDaysTeam3.TestCases.TC_LoginTest_007 -->
