<?xml version="1.0" encoding="UTF-8"?>
<!-- Generated by org.testng.reporters.JUnitReportReporter -->
<testsuite hostname="preethams-air.lan" failures="0" tests="1" name="com.DollarDaysTeam3.TestCases.TC_LoginTest_002" time="0.866" errors="0" timestamp="21 Jun 2021 14:28:10 GMT" skipped="0">
  <testcase classname="com.DollarDaysTeam3.TestCases.TC_LoginTest_002" name="ValidateEmailID" time="0.866"/>
</testsuite> <!-- com.DollarDaysTeam3.TestCases.TC_LoginTest_002 -->
